{"/home/luka/Projects/hyke/cli/src/cli.ts": {"path":"/home/luka/Projects/hyke/cli/src/cli.ts","statementMap":{"0":{"start":{"line":2,"column":0},"end":{"line":2,"column":24}},"1":{"start":{"line":3,"column":0},"end":{"line":3,"column":28}},"2":{"start":{"line":5,"column":0},"end":{"line":5,"column":33}},"3":{"start":{"line":6,"column":0},"end":{"line":6,"column":30}},"4":{"start":{"line":7,"column":0},"end":{"line":7,"column":46}},"5":{"start":{"line":8,"column":0},"end":{"line":8,"column":48}},"6":{"start":{"line":9,"column":0},"end":{"line":9,"column":33}},"7":{"start":{"line":11,"column":19},"end":{"line":11,"column":26}},"8":{"start":{"line":12,"column":20},"end":{"line":12,"column":25}},"9":{"start":{"line":13,"column":25},"end":{"line":13,"column":36}},"10":{"start":{"line":16,"column":4},"end":{"line":16,"column":61}},"11":{"start":{"line":17,"column":10},"end":{"line":17,"column":30}},"12":{"start":{"line":19,"column":8},"end":{"line":19,"column":56}},"13":{"start":{"line":20,"column":8},"end":{"line":20,"column":35}},"14":{"start":{"line":22,"column":8},"end":{"line":22,"column":34}},"15":{"start":{"line":23,"column":27},"end":{"line":23,"column":37}},"16":{"start":{"line":23,"column":38},"end":{"line":23,"column":86}},"17":{"start":{"line":23,"column":14},"end":{"line":23,"column":87}},"18":{"start":{"line":24,"column":14},"end":{"line":24,"column":56}},"19":{"start":{"line":26,"column":8},"end":{"line":34,"column":11}},"20":{"start":{"line":27,"column":12},"end":{"line":27,"column":46}},"21":{"start":{"line":28,"column":37},"end":{"line":28,"column":108}},"22":{"start":{"line":29,"column":33},"end":{"line":29,"column":62}},"23":{"start":{"line":30,"column":12},"end":{"line":33,"column":15}},"24":{"start":{"line":31,"column":32},"end":{"line":31,"column":54}},"25":{"start":{"line":32,"column":16},"end":{"line":32,"column":39}},"26":{"start":{"line":37,"column":10},"end":{"line":42,"column":21}},"27":{"start":{"line":45,"column":0},"end":{"line":45,"column":32}}},"fnMap":{"0":{"name":"buildYargs","decl":{"start":{"line":15,"column":15},"end":{"line":15,"column":25}},"loc":{"start":{"line":15,"column":25},"end":{"line":43,"column":1}}},"1":{"name":"(anonymous_17)","decl":{"start":{"line":26,"column":34},"end":{"line":26,"column":34}},"loc":{"start":{"line":26,"column":63},"end":{"line":34,"column":9}}},"2":{"name":"(anonymous_18)","decl":{"start":{"line":30,"column":33},"end":{"line":30,"column":33}},"loc":{"start":{"line":30,"column":38},"end":{"line":33,"column":13}}}},"branchMap":{},"s":{"0":0,"1":0,"2":0,"3":0,"4":0,"5":0,"6":0,"7":0,"8":0,"9":0,"10":0,"11":0,"12":0,"13":0,"14":0,"15":0,"16":0,"17":0,"18":0,"19":0,"20":0,"21":0,"22":0,"23":0,"24":0,"25":0,"26":0,"27":0},"f":{"0":0,"1":0,"2":0},"b":{}}
,"/home/luka/Projects/hyke/cli/src/util.ts": {"path":"/home/luka/Projects/hyke/cli/src/util.ts","statementMap":{"0":{"start":{"line":1,"column":0},"end":{"line":1,"column":65}},"1":{"start":{"line":2,"column":0},"end":{"line":2,"column":24}},"2":{"start":{"line":8,"column":4},"end":{"line":8,"column":28}},"3":{"start":{"line":10,"column":4},"end":{"line":32,"column":7}},"4":{"start":{"line":11,"column":22},"end":{"line":11,"column":51}},"5":{"start":{"line":13,"column":8},"end":{"line":19,"column":11}},"6":{"start":{"line":14,"column":12},"end":{"line":18,"column":13}},"7":{"start":{"line":15,"column":16},"end":{"line":15,"column":26}},"8":{"start":{"line":17,"column":16},"end":{"line":17,"column":66}},"9":{"start":{"line":21,"column":8},"end":{"line":25,"column":11}},"10":{"start":{"line":22,"column":12},"end":{"line":24,"column":13}},"11":{"start":{"line":23,"column":16},"end":{"line":23,"column":47}},"12":{"start":{"line":27,"column":8},"end":{"line":31,"column":11}},"13":{"start":{"line":28,"column":12},"end":{"line":30,"column":13}},"14":{"start":{"line":29,"column":16},"end":{"line":29,"column":47}},"15":{"start":{"line":4,"column":0},"end":{"line":33,"column":1}},"16":{"start":{"line":36,"column":4},"end":{"line":44,"column":7}},"17":{"start":{"line":37,"column":8},"end":{"line":43,"column":11}},"18":{"start":{"line":38,"column":12},"end":{"line":42,"column":13}},"19":{"start":{"line":39,"column":16},"end":{"line":39,"column":68}},"20":{"start":{"line":41,"column":16},"end":{"line":41,"column":26}},"21":{"start":{"line":35,"column":0},"end":{"line":45,"column":1}},"22":{"start":{"line":48,"column":4},"end":{"line":59,"column":7}},"23":{"start":{"line":49,"column":8},"end":{"line":51,"column":9}},"24":{"start":{"line":50,"column":12},"end":{"line":50,"column":53}},"25":{"start":{"line":52,"column":8},"end":{"line":58,"column":11}},"26":{"start":{"line":53,"column":12},"end":{"line":57,"column":13}},"27":{"start":{"line":54,"column":16},"end":{"line":54,"column":64}},"28":{"start":{"line":56,"column":16},"end":{"line":56,"column":30}},"29":{"start":{"line":47,"column":0},"end":{"line":60,"column":1}},"30":{"start":{"line":63,"column":4},"end":{"line":65,"column":7}},"31":{"start":{"line":64,"column":8},"end":{"line":64,"column":60}},"32":{"start":{"line":62,"column":0},"end":{"line":66,"column":1}}},"fnMap":{"0":{"name":"execute","decl":{"start":{"line":4,"column":16},"end":{"line":4,"column":23}},"loc":{"start":{"line":8,"column":28},"end":{"line":33,"column":1}}},"1":{"name":"(anonymous_2)","decl":{"start":{"line":10,"column":37},"end":{"line":10,"column":37}},"loc":{"start":{"line":10,"column":53},"end":{"line":32,"column":5}}},"2":{"name":"(anonymous_3)","decl":{"start":{"line":13,"column":25},"end":{"line":13,"column":25}},"loc":{"start":{"line":13,"column":54},"end":{"line":19,"column":9}}},"3":{"name":"(anonymous_4)","decl":{"start":{"line":21,"column":32},"end":{"line":21,"column":32}},"loc":{"start":{"line":21,"column":45},"end":{"line":25,"column":9}}},"4":{"name":"(anonymous_5)","decl":{"start":{"line":27,"column":32},"end":{"line":27,"column":32}},"loc":{"start":{"line":27,"column":45},"end":{"line":31,"column":9}}},"5":{"name":"writeToFile","decl":{"start":{"line":35,"column":16},"end":{"line":35,"column":27}},"loc":{"start":{"line":35,"column":59},"end":{"line":45,"column":1}}},"6":{"name":"(anonymous_7)","decl":{"start":{"line":36,"column":29},"end":{"line":36,"column":29}},"loc":{"start":{"line":36,"column":45},"end":{"line":44,"column":5}}},"7":{"name":"(anonymous_8)","decl":{"start":{"line":37,"column":33},"end":{"line":37,"column":33}},"loc":{"start":{"line":37,"column":37},"end":{"line":43,"column":9}}},"8":{"name":"readFile","decl":{"start":{"line":47,"column":16},"end":{"line":47,"column":24}},"loc":{"start":{"line":47,"column":42},"end":{"line":60,"column":1}}},"9":{"name":"(anonymous_10)","decl":{"start":{"line":48,"column":31},"end":{"line":48,"column":31}},"loc":{"start":{"line":48,"column":47},"end":{"line":59,"column":5}}},"10":{"name":"(anonymous_11)","decl":{"start":{"line":52,"column":34},"end":{"line":52,"column":34}},"loc":{"start":{"line":52,"column":52},"end":{"line":58,"column":9}}},"11":{"name":"mkdir","decl":{"start":{"line":62,"column":16},"end":{"line":62,"column":21}},"loc":{"start":{"line":62,"column":43},"end":{"line":66,"column":1}}},"12":{"name":"(anonymous_13)","decl":{"start":{"line":63,"column":57},"end":{"line":null,"column":-1}},"loc":{"start":{"line":63,"column":57},"end":{"line":65,"column":5}}}},"branchMap":{"0":{"loc":{"start":{"line":8,"column":4},"end":{"line":8,"column":28}},"type":"if","locations":[{"start":{"line":8,"column":4},"end":{"line":8,"column":28}},{"start":{"line":8,"column":4},"end":{"line":8,"column":28}}]},"1":{"loc":{"start":{"line":14,"column":12},"end":{"line":18,"column":13}},"type":"if","locations":[{"start":{"line":14,"column":12},"end":{"line":18,"column":13}},{"start":{"line":14,"column":12},"end":{"line":18,"column":13}}]},"2":{"loc":{"start":{"line":22,"column":12},"end":{"line":24,"column":13}},"type":"if","locations":[{"start":{"line":22,"column":12},"end":{"line":24,"column":13}},{"start":{"line":22,"column":12},"end":{"line":24,"column":13}}]},"3":{"loc":{"start":{"line":28,"column":12},"end":{"line":30,"column":13}},"type":"if","locations":[{"start":{"line":28,"column":12},"end":{"line":30,"column":13}},{"start":{"line":28,"column":12},"end":{"line":30,"column":13}}]},"4":{"loc":{"start":{"line":38,"column":12},"end":{"line":42,"column":13}},"type":"if","locations":[{"start":{"line":38,"column":12},"end":{"line":42,"column":13}},{"start":{"line":38,"column":12},"end":{"line":42,"column":13}}]},"5":{"loc":{"start":{"line":49,"column":8},"end":{"line":51,"column":9}},"type":"if","locations":[{"start":{"line":49,"column":8},"end":{"line":51,"column":9}},{"start":{"line":49,"column":8},"end":{"line":51,"column":9}}]},"6":{"loc":{"start":{"line":53,"column":12},"end":{"line":57,"column":13}},"type":"if","locations":[{"start":{"line":53,"column":12},"end":{"line":57,"column":13}},{"start":{"line":53,"column":12},"end":{"line":57,"column":13}}]}},"s":{"0":0,"1":0,"2":0,"3":0,"4":0,"5":0,"6":0,"7":0,"8":0,"9":0,"10":0,"11":0,"12":0,"13":0,"14":0,"15":0,"16":0,"17":0,"18":0,"19":0,"20":0,"21":0,"22":0,"23":0,"24":0,"25":0,"26":0,"27":0,"28":0,"29":0,"30":0,"31":0,"32":0},"f":{"0":0,"1":0,"2":0,"3":0,"4":0,"5":0,"6":0,"7":0,"8":0,"9":0,"10":0,"11":0,"12":0},"b":{"0":[0,0],"1":[0,0],"2":[0,0],"3":[0,0],"4":[0,0],"5":[0,0],"6":[0,0]}}
}
