TN:
SF:/home/luka/Projects/hyke/cli/src/cli.ts
FN:15,buildYargs
FN:26,(anonymous_17)
FN:30,(anonymous_18)
FNF:3
FNH:0
FNDA:0,buildYargs
FNDA:0,(anonymous_17)
FNDA:0,(anonymous_18)
DA:2,0
DA:3,0
DA:5,0
DA:6,0
DA:7,0
DA:8,0
DA:9,0
DA:11,0
DA:12,0
DA:13,0
DA:16,0
DA:17,0
DA:19,0
DA:20,0
DA:22,0
DA:23,0
DA:24,0
DA:26,0
DA:27,0
DA:28,0
DA:29,0
DA:30,0
DA:31,0
DA:32,0
DA:37,0
DA:45,0
LF:26
LH:0
BRF:0
BRH:0
end_of_record
TN:
SF:/home/luka/Projects/hyke/cli/src/util.ts
FN:4,execute
FN:10,(anonymous_2)
FN:13,(anonymous_3)
FN:21,(anonymous_4)
FN:27,(anonymous_5)
FN:35,writeToFile
FN:36,(anonymous_7)
FN:37,(anonymous_8)
FN:47,readFile
FN:48,(anonymous_10)
FN:52,(anonymous_11)
FN:62,mkdir
FN:63,(anonymous_13)
FNF:13
FNH:0
FNDA:0,execute
FNDA:0,(anonymous_2)
FNDA:0,(anonymous_3)
FNDA:0,(anonymous_4)
FNDA:0,(anonymous_5)
FNDA:0,writeToFile
FNDA:0,(anonymous_7)
FNDA:0,(anonymous_8)
FNDA:0,readFile
FNDA:0,(anonymous_10)
FNDA:0,(anonymous_11)
FNDA:0,mkdir
FNDA:0,(anonymous_13)
DA:1,0
DA:2,0
DA:4,0
DA:8,0
DA:10,0
DA:11,0
DA:13,0
DA:14,0
DA:15,0
DA:17,0
DA:21,0
DA:22,0
DA:23,0
DA:27,0
DA:28,0
DA:29,0
DA:35,0
DA:36,0
DA:37,0
DA:38,0
DA:39,0
DA:41,0
DA:47,0
DA:48,0
DA:49,0
DA:50,0
DA:52,0
DA:53,0
DA:54,0
DA:56,0
DA:62,0
DA:63,0
DA:64,0
LF:33
LH:0
BRDA:8,0,0,0
BRDA:8,0,1,0
BRDA:14,1,0,0
BRDA:14,1,1,0
BRDA:22,2,0,0
BRDA:22,2,1,0
BRDA:28,3,0,0
BRDA:28,3,1,0
BRDA:38,4,0,0
BRDA:38,4,1,0
BRDA:49,5,0,0
BRDA:49,5,1,0
BRDA:53,6,0,0
BRDA:53,6,1,0
BRF:14
BRH:0
end_of_record
